c:\users\sunny\documents\numbers-methods\numbersmethods-lab1\numbersmethods-lab1\debug\vc142.pdb
c:\users\sunny\documents\numbers-methods\numbersmethods-lab1\numbersmethods-lab1\debug\vc142.idb
c:\users\sunny\documents\numbers-methods\numbersmethods-lab1\numbersmethods-lab1\debug\source.obj
c:\users\sunny\documents\numbers-methods\numbersmethods-lab1\numbersmethods-lab1\debug\main.obj
c:\users\sunny\documents\numbers-methods\numbersmethods-lab1\debug\numbersmethods-lab1.pdb
c:\users\sunny\documents\numbers-methods\numbersmethods-lab1\numbersmethods-lab1\debug\numbersm.ff986f5e.tlog\cl.command.1.tlog
c:\users\sunny\documents\numbers-methods\numbersmethods-lab1\numbersmethods-lab1\debug\numbersm.ff986f5e.tlog\cl.read.1.tlog
c:\users\sunny\documents\numbers-methods\numbersmethods-lab1\numbersmethods-lab1\debug\numbersm.ff986f5e.tlog\cl.write.1.tlog
c:\users\sunny\documents\numbers-methods\numbersmethods-lab1\numbersmethods-lab1\debug\numbersm.ff986f5e.tlog\link-cvtres.read.1.tlog
c:\users\sunny\documents\numbers-methods\numbersmethods-lab1\numbersmethods-lab1\debug\numbersm.ff986f5e.tlog\link-cvtres.write.1.tlog
c:\users\sunny\documents\numbers-methods\numbersmethods-lab1\numbersmethods-lab1\debug\numbersm.ff986f5e.tlog\link-rc.read.1.tlog
c:\users\sunny\documents\numbers-methods\numbersmethods-lab1\numbersmethods-lab1\debug\numbersm.ff986f5e.tlog\link-rc.write.1.tlog
c:\users\sunny\documents\numbers-methods\numbersmethods-lab1\numbersmethods-lab1\debug\numbersm.ff986f5e.tlog\link.2204-cvtres.read.1.tlog
c:\users\sunny\documents\numbers-methods\numbersmethods-lab1\numbersmethods-lab1\debug\numbersm.ff986f5e.tlog\link.2204-cvtres.write.1.tlog
c:\users\sunny\documents\numbers-methods\numbersmethods-lab1\numbersmethods-lab1\debug\numbersm.ff986f5e.tlog\link.2204-rc.read.1.tlog
c:\users\sunny\documents\numbers-methods\numbersmethods-lab1\numbersmethods-lab1\debug\numbersm.ff986f5e.tlog\link.2204-rc.write.1.tlog
c:\users\sunny\documents\numbers-methods\numbersmethods-lab1\numbersmethods-lab1\debug\numbersm.ff986f5e.tlog\link.2204.read.1.tlog
c:\users\sunny\documents\numbers-methods\numbersmethods-lab1\numbersmethods-lab1\debug\numbersm.ff986f5e.tlog\link.2204.write.1.tlog
c:\users\sunny\documents\numbers-methods\numbersmethods-lab1\numbersmethods-lab1\debug\numbersm.ff986f5e.tlog\link.command.1.tlog
c:\users\sunny\documents\numbers-methods\numbersmethods-lab1\numbersmethods-lab1\debug\numbersm.ff986f5e.tlog\link.read.1.tlog
c:\users\sunny\documents\numbers-methods\numbersmethods-lab1\numbersmethods-lab1\debug\numbersm.ff986f5e.tlog\link.write.1.tlog
